#
# There is insufficient memory for the Java Runtime Environment to continue.
# Native memory allocation (malloc) failed to allocate 1048576 bytes for AllocateHeap
# Possible reasons:
#   The system is out of physical RAM or swap space
#   The process is running with CompressedOops enabled, and the Java Heap may be blocking the growth of the native heap
# Possible solutions:
#   Reduce memory load on the system
#   Increase physical memory or swap space
#   Check if swap backing store is full
#   Decrease Java heap size (-Xmx/-Xms)
#   Decrease number of Java threads
#   Decrease Java thread stack sizes (-Xss)
#   Set larger code cache with -XX:ReservedCodeCacheSize=
#   JVM is running with Unscaled Compressed Oops mode in which the Java heap is
#     placed in the first 4GB address space. The Java Heap base address is the
#     maximum limit for the native heap growth. Please use -XX:HeapBaseMinAddress
#     to set the Java Heap base and to place the Java Heap above 4GB virtual address.
# This output file may be truncated or incomplete.
#
#  Out of Memory Error (memory/allocation.inline.hpp:61), pid=12140, tid=0x0000000000002fc0
#
# JRE version:  (8.0_221-b11) (build )
# Java VM: Java HotSpot(TM) 64-Bit Server VM (25.221-b11 mixed mode windows-amd64 compressed oops)
# Failed to write core dump. Minidumps are not enabled by default on client versions of Windows
#

---------------  T H R E A D  ---------------

Current thread (0x000000000333d800):  JavaThread "Unknown thread" [_thread_in_vm, id=12224, stack(0x0000000003010000,0x0000000003110000)]

Stack: [0x0000000003010000,0x0000000003110000]
[error occurred during error reporting (printing stack bounds), id 0xc0000005]

Native frames: (J=compiled Java code, j=interpreted, Vv=VM code, C=native code)


---------------  P R O C E S S  ---------------

Java Threads: ( => current thread )

Other Threads:

=>0x000000000333d800 (exited) JavaThread "Unknown thread" [_thread_in_vm, id=12224, stack(0x0000000003010000,0x0000000003110000)]

VM state:not at safepoint (normal execution)

VM Mutex/Monitor currently owned by a thread: None

heap address: 0x00000000c1c00000, size: 996 MB, Compressed Oops mode: 32-bit
Narrow klass base: 0x0000000000000000, Narrow klass shift: 3
Compressed class space size: 1073741824 Address: 0x0000000100000000

Heap:
 PSYoungGen      total 18944K, used 327K [0x00000000eb400000, 0x00000000ec900000, 0x0000000100000000)
  eden space 16384K, 2% used [0x00000000eb400000,0x00000000eb451ec8,0x00000000ec400000)
  from space 2560K, 0% used [0x00000000ec680000,0x00000000ec680000,0x00000000ec900000)
  to   space 2560K, 0% used [0x00000000ec400000,0x00000000ec400000,0x00000000ec680000)
 ParOldGen       total 44032K, used 0K [0x00000000c1c00000, 0x00000000c4700000, 0x00000000eb400000)
  object space 44032K, 0% used [0x00000000c1c00000,0x00000000c1c00000,0x00000000c4700000)
 Metaspace       used 752K, capacity 4480K, committed 4480K, reserved 1056768K
  class space    used 76K, capacity 384K, committed 384K, reserved 1048576K

Card table byte_map: [0x0000000012700000,0x0000000012900000] byte_map_base: 0x00000000120f2000

Marking Bits: (ParMarkBitMap*) 0x0000000056b55ce0
 Begin Bits: [0x0000000012e50000, 0x0000000013de0000)
 End Bits:   [0x0000000013de0000, 0x0000000014d70000)

Polling page: 0x0000000001820000

CodeCache: size=245760Kb used=328Kb max_used=328Kb free=245431Kb
 bounds [0x0000000003340000, 0x00000000035b0000, 0x0000000012340000]
 total_blobs=58 nmethods=0 adapters=38
 compilation: enabled

Compilation events (0 events):
No events

GC Heap History (0 events):
No events

Deoptimization events (0 events):
No events

Classes redefined (0 events):
No events

Internal exceptions (0 events):
No events

Events (10 events):
Event: 0.022 loading class java/lang/Short
Event: 0.022 loading class java/lang/Short done
Event: 0.022 loading class java/lang/Integer
Event: 0.022 loading class java/lang/Integer done
Event: 0.022 loading class java/lang/Long
Event: 0.022 loading class java/lang/Long done
Event: 0.023 loading class java/lang/NullPointerException
Event: 0.023 loading class java/lang/NullPointerException done
Event: 0.023 loading class java/lang/ArithmeticException
Event: 0.023 loading class java/lang/ArithmeticException done


Dynamic libraries:
0x00007ff60d050000 - 0x00007ff60d087000 	C:\Program Files\Java\jre1.8.0_221\bin\javaw.exe
0x00007ff8877e0000 - 0x00007ff8879d0000 	C:\WINDOWS\SYSTEM32\ntdll.dll
0x00007ff885e60000 - 0x00007ff885f12000 	C:\WINDOWS\System32\KERNEL32.DLL
0x00007ff884b60000 - 0x00007ff884e03000 	C:\WINDOWS\System32\KERNELBASE.dll
0x00007ff8874c0000 - 0x00007ff887563000 	C:\WINDOWS\System32\ADVAPI32.dll
0x00007ff886e30000 - 0x00007ff886ece000 	C:\WINDOWS\System32\msvcrt.dll
0x00007ff885f30000 - 0x00007ff885fc7000 	C:\WINDOWS\System32\sechost.dll
0x00007ff887130000 - 0x00007ff887250000 	C:\WINDOWS\System32\RPCRT4.dll
0x00007ff887250000 - 0x00007ff8873e4000 	C:\WINDOWS\System32\USER32.dll
0x00007ff884b30000 - 0x00007ff884b51000 	C:\WINDOWS\System32\win32u.dll
0x00007ff886ed0000 - 0x00007ff886ef6000 	C:\WINDOWS\System32\GDI32.dll
0x00007ff884840000 - 0x00007ff8849d4000 	C:\WINDOWS\System32\gdi32full.dll
0x00007ff8847a0000 - 0x00007ff88483e000 	C:\WINDOWS\System32\msvcp_win.dll
0x00007ff884a30000 - 0x00007ff884b2a000 	C:\WINDOWS\System32\ucrtbase.dll
0x00007ff86ece0000 - 0x00007ff86ef65000 	C:\WINDOWS\WinSxS\amd64_microsoft.windows.common-controls_6595b64144ccf1df_6.0.18362.535_none_e6c3b34713100821\COMCTL32.dll
0x00007ff886200000 - 0x00007ff886536000 	C:\WINDOWS\System32\combase.dll
0x00007ff885810000 - 0x00007ff885890000 	C:\WINDOWS\System32\bcryptPrimitives.dll
0x00007ff887770000 - 0x00007ff88779e000 	C:\WINDOWS\System32\IMM32.DLL
0x0000000056250000 - 0x0000000056322000 	C:\Program Files\Java\jre1.8.0_221\bin\msvcr100.dll
0x0000000056330000 - 0x0000000056bd5000 	C:\Program Files\Java\jre1.8.0_221\bin\server\jvm.dll
0x00007ff885f20000 - 0x00007ff885f28000 	C:\WINDOWS\System32\PSAPI.DLL
0x00007ff873030000 - 0x00007ff873039000 	C:\WINDOWS\SYSTEM32\WSOCK32.dll
0x00007ff881fe0000 - 0x00007ff882004000 	C:\WINDOWS\SYSTEM32\WINMM.dll
0x00007ff887060000 - 0x00007ff8870cf000 	C:\WINDOWS\System32\WS2_32.dll
0x00007ff87a780000 - 0x00007ff87a78a000 	C:\WINDOWS\SYSTEM32\VERSION.dll
0x00007ff881fb0000 - 0x00007ff881fdd000 	C:\WINDOWS\SYSTEM32\WINMMBASE.dll
0x00007ff8849e0000 - 0x00007ff884a2a000 	C:\WINDOWS\System32\cfgmgr32.dll
0x00007ff87a2c0000 - 0x00007ff87a2cf000 	C:\Program Files\Java\jre1.8.0_221\bin\verify.dll
0x00007ff87a290000 - 0x00007ff87a2b9000 	C:\Program Files\Java\jre1.8.0_221\bin\java.dll
0x00007ff87a270000 - 0x00007ff87a286000 	C:\Program Files\Java\jre1.8.0_221\bin\zip.dll

VM Arguments:
jvm_args: -Dfile.encoding=Cp1252 
java_command: HMS.Start
java_class_path (initial): D:\HOTEL MANAGEMENT SYSTEM\bin;C:\Users\Dollar\Desktop\Project\lib\mysql-connector-java-5.1.48-bin.jar;C:\Users\Dollar\Downloads\rs2xml.jar
Launcher Type: SUN_STANDARD

Environment Variables:
PATH=C:/Program Files/Java/jre1.8.0_221/bin/server;C:/Program Files/Java/jre1.8.0_221/bin;C:/Program Files/Java/jre1.8.0_221/lib/amd64;C:\Program Files (x86)\Common Files\Oracle\Java\javapath;C:\oraclexe\app\oracle\product\10.2.0\server\bin;C:\Windows\system32;C:\Windows;C:\Windows\System32\Wbem;C:\Windows\System32\WindowsPowerShell\v1.0\;C:\Program Files (x86)\NVIDIA Corporation\PhysX\Common;C:\WINDOWS\system32;C:\WINDOWS;C:\WINDOWS\System32\Wbem;C:\WINDOWS\System32\WindowsPowerShell\v1.0\;C:\WINDOWS\System32\OpenSSH\;C:\Android;C:\Program Files\Java\jdk1.8.0_172\bin;C:\Users\Dollar\AppData\Local\Microsoft\WindowsApps;;C:\Users\Dollar\Desktop;
USERNAME=Dollar
OS=Windows_NT
PROCESSOR_IDENTIFIER=Intel64 Family 6 Model 142 Stepping 9, GenuineIntel



---------------  S Y S T E M  ---------------

OS: Windows 10.0 , 64 bit Build 18362 (10.0.18362.329)

CPU:total 4 (initial active 4) (2 cores per cpu, 2 threads per core) family 6 model 142 stepping 9, cmov, cx8, fxsr, mmx, sse, sse2, sse3, ssse3, sse4.1, sse4.2, popcnt, avx, avx2, aes, clmul, erms, 3dnowpref, lzcnt, ht, tsc, tscinvbit, bmi1, bmi2, adx

Memory: 4k page, physical 4076688k(423680k free), swap 16659600k(5500k free)

vm_info: Java HotSpot(TM) 64-Bit Server VM (25.221-b11) for windows-amd64 JRE (1.8.0_221-b11), built on Jul  4 2019 04:39:29 by "java_re" with MS VC++ 10.0 (VS2010)

time: Thu Dec 26 11:56:57 2019
timezone: Bangladesh Standard Time
elapsed time: 0 seconds (0d 0h 0m 0s)

